<?xml version="1.0" encoding="UTF-8"?>
<!-- Generated by org.testng.reporters.JUnitReportReporter -->
<testsuite hostname="Syeds-Mac-mini.fios-router.home" name="com.exercise.madison.madisonProject.TestWomenPage" tests="1" failures="0" timestamp="12 Jul 2015 08:18:19 GMT" time="15.908" errors="0">
  <testcase name="womenTest" time="15.908" classname="com.exercise.madison.madisonProject.TestWomenPage"/>
</testsuite> <!-- com.exercise.madison.madisonProject.TestWomenPage -->
